<?xml version="1.0" encoding="UTF-8"?>
<!-- Generated by org.testng.reporters.JUnitReportReporter -->
<testsuite skipped="0" hostname="Vipul_Dhruv" name="Caspor.CasporTest" tests="1" failures="0" timestamp="23 May 2019 06:09:10 GMT" time="56.892" errors="0">
  <testcase name="automateTest" time="56.892" classname="Caspor.CasporTest"/>
</testsuite> <!-- Caspor.CasporTest -->
