<?xml version="1.0" encoding="UTF-8"?>
<!-- Generated by org.testng.reporters.JUnitReportReporter -->
<testsuite skipped="0" hostname="Vipul_Dhruv" name="Caspor.CasporTest" tests="1" failures="0" timestamp="21 May 2019 16:02:41 GMT" time="30.403" errors="0">
  <testcase name="automateTest" time="30.403" classname="Caspor.CasporTest"/>
</testsuite> <!-- Caspor.CasporTest -->
