<?xml version="1.0" encoding="UTF-8"?>
<!-- Generated by org.testng.reporters.JUnitReportReporter -->
<testsuite skipped="0" hostname="Vipul_Dhruv" name="Caspor.CasporTest" tests="1" failures="0" timestamp="21 May 2019 15:21:22 GMT" time="49.269" errors="0">
  <testcase name="abc" time="49.269" classname="Caspor.CasporTest"/>
</testsuite> <!-- Caspor.CasporTest -->
