<?xml version="1.0" encoding="UTF-8"?>
<!-- Generated by org.testng.reporters.JUnitReportReporter -->
<testsuite skipped="0" hostname="Vipul_Dhruv" name="Caspor.CasporTest" tests="1" failures="0" timestamp="22 May 2019 17:30:13 GMT" time="45.714" errors="0">
  <testcase name="automateTest" time="45.714" classname="Caspor.CasporTest"/>
</testsuite> <!-- Caspor.CasporTest -->
